<?xml version="1.0" encoding="UTF-8"?>
<testsuite name="hello.HelloWorldTests" tests="2" skipped="0" failures="0" errors="0" timestamp="2019-06-20T05:35:36" hostname="master-node" time="0.078">
  <properties/>
  <testcase name="shouldPrintTimeToConsole" classname="hello.HelloWorldTests" time="0.077"/>
  <testcase name="shouldPrintHelloWorldToConsole" classname="hello.HelloWorldTests" time="0.001"/>
  <system-out><![CDATA[]]></system-out>
  <system-err><![CDATA[]]></system-err>
</testsuite>
